<?xml version="1.0" encoding="UTF-8"?>
<!-- Generated by org.testng.reporters.JUnitXMLReporter -->
<testsuite hostname="DESKTOP-UC4Q2HL" ignored="2" name="Test" tests="4" failures="0" timestamp="12 Aug 2019 03:00:26 GMT" time="0.035" errors="0">
  <testcase name="Demo1" time="0.007" classname="testngpractice.test1"/>
  <testcase name="Demo3" time="0.001" classname="testngpractice.test2"/>
  <testcase name="Demo5" time="0.001" classname="testngpractice.test3"/>
  <testcase name="Demo6" time="0.001" classname="testngpractice.test3"/>
  <testcase name="Demo2" time="0.0" classname="testngpractice.test1">
    <ignored/>
  </testcase> <!-- Demo2 -->
  <testcase name="Demo4" time="0.0" classname="testngpractice.test2">
    <ignored/>
  </testcase> <!-- Demo4 -->
</testsuite> <!-- Test -->
